2019-05-17 07:40:40.023 [INFO] [main] [com.jpdacunha.media.batch.organizer.test.service.MediaServiceTest:50] Starting MediaServiceTest on ubuntu with PID 53691 (started by dev in /home/dev/git/spring-media-organizer/spring-media-batch)
2019-05-17 07:40:40.024 [DEBUG] [main] [com.jpdacunha.media.batch.organizer.test.service.MediaServiceTest:53] Running with Spring Boot v2.1.4.RELEASE, Spring v5.1.6.RELEASE
2019-05-17 07:40:40.024 [INFO] [main] [com.jpdacunha.media.batch.organizer.test.service.MediaServiceTest:679] The following profiles are active: test
2019-05-17 07:40:40.720 [INFO] [main] [org.quartz.impl.StdSchedulerFactory:1208] Using default implementation for ThreadExecutor
2019-05-17 07:40:40.733 [INFO] [main] [org.quartz.core.SchedulerSignalerImpl:61] Initialized Scheduler Signaller of type: class org.quartz.core.SchedulerSignalerImpl
2019-05-17 07:40:40.733 [INFO] [main] [org.quartz.core.QuartzScheduler:229] Quartz Scheduler v.2.3.1 created.
2019-05-17 07:40:40.734 [INFO] [main] [org.quartz.simpl.RAMJobStore:155] RAMJobStore initialized.
2019-05-17 07:40:40.736 [INFO] [main] [org.quartz.core.QuartzScheduler:294] Scheduler meta-data: Quartz Scheduler (v2.3.1) 'quartzScheduler' with instanceId 'NON_CLUSTERED'
  Scheduler class: 'org.quartz.core.QuartzScheduler' - running locally.
  NOT STARTED.
  Currently in standby mode.
  Number of jobs executed: 0
  Using thread pool 'org.quartz.simpl.SimpleThreadPool' - with 10 threads.
  Using job-store 'org.quartz.simpl.RAMJobStore' - which does not support persistence. and is not clustered.

2019-05-17 07:40:40.737 [INFO] [main] [org.quartz.impl.StdSchedulerFactory:1362] Quartz scheduler 'quartzScheduler' initialized from an externally provided properties instance.
2019-05-17 07:40:40.737 [INFO] [main] [org.quartz.impl.StdSchedulerFactory:1366] Quartz scheduler version: 2.3.1
2019-05-17 07:40:40.738 [INFO] [main] [org.quartz.core.QuartzScheduler:2293] JobFactory set to: org.springframework.scheduling.quartz.SpringBeanJobFactory@6063d80a
2019-05-17 07:40:40.793 [INFO] [main] [org.springframework.scheduling.quartz.SchedulerFactoryBean:726] Starting Quartz Scheduler now
2019-05-17 07:40:40.794 [INFO] [main] [org.quartz.core.QuartzScheduler:547] Scheduler quartzScheduler_$_NON_CLUSTERED started.
2019-05-17 07:40:40.794 [DEBUG] [quartzScheduler_QuartzSchedulerThread] [org.quartz.core.QuartzSchedulerThread:291] batch acquisition of 0 triggers
2019-05-17 07:40:40.814 [INFO] [main] [com.jpdacunha.media.batch.organizer.test.service.MediaServiceTest:59] Started MediaServiceTest in 1.204 seconds (JVM running for 2.004)
2019-05-17 07:40:40.974 [DEBUG] [main] [com.jpdacunha.media.batch.organizer.service.impl.MediaServiceImpl:27] Starting classifyByYear ...
2019-05-17 07:40:40.979 [DEBUG] [main] [com.jpdacunha.media.batch.organizer.service.impl.MediaServiceImpl:51] Starting classification for [Arlette4.jpg] ...
2019-05-17 07:40:41.014 [DEBUG] [main] [com.jpdacunha.media.batch.organizer.service.impl.MediaServiceImpl:54]   :> Tue Apr 30 08:11:48 -07:00 2019
2019-05-17 07:40:41.015 [DEBUG] [main] [com.jpdacunha.media.batch.organizer.service.impl.MediaServiceImpl:55]   :> Tue Apr 30 08:11:48 PDT 2019
2019-05-17 07:40:41.017 [DEBUG] [main] [com.jpdacunha.media.batch.organizer.service.impl.MediaServiceImpl:56] Done.
2019-05-17 07:40:41.018 [DEBUG] [main] [com.jpdacunha.media.batch.organizer.service.impl.MediaServiceImpl:64] End.
2019-05-17 07:40:41.087 [INFO] [Thread-2] [org.quartz.core.QuartzScheduler:585] Scheduler quartzScheduler_$_NON_CLUSTERED paused.
2019-05-17 07:40:41.102 [INFO] [Thread-2] [org.springframework.scheduling.quartz.SchedulerFactoryBean:844] Shutting down Quartz Scheduler
2019-05-17 07:40:41.103 [INFO] [Thread-2] [org.quartz.core.QuartzScheduler:666] Scheduler quartzScheduler_$_NON_CLUSTERED shutting down.
2019-05-17 07:40:41.103 [INFO] [Thread-2] [org.quartz.core.QuartzScheduler:585] Scheduler quartzScheduler_$_NON_CLUSTERED paused.
2019-05-17 07:40:41.104 [DEBUG] [Thread-2] [org.quartz.simpl.SimpleThreadPool:328] Shutting down threadpool...
2019-05-17 07:40:41.105 [DEBUG] [Thread-2] [org.quartz.simpl.SimpleThreadPool:395] Shutdown of threadpool complete.
2019-05-17 07:40:41.106 [INFO] [Thread-2] [org.quartz.core.QuartzScheduler:740] Scheduler quartzScheduler_$_NON_CLUSTERED shutdown complete.
2019-05-17 07:41:20.923 [INFO] [main] [com.jpdacunha.media.batch.organizer.test.service.MediaServiceTest:50] Starting MediaServiceTest on ubuntu with PID 53907 (started by dev in /home/dev/git/spring-media-organizer/spring-media-batch)
2019-05-17 07:41:20.924 [DEBUG] [main] [com.jpdacunha.media.batch.organizer.test.service.MediaServiceTest:53] Running with Spring Boot v2.1.4.RELEASE, Spring v5.1.6.RELEASE
2019-05-17 07:41:20.924 [INFO] [main] [com.jpdacunha.media.batch.organizer.test.service.MediaServiceTest:679] The following profiles are active: test
2019-05-17 07:41:21.734 [INFO] [main] [org.quartz.impl.StdSchedulerFactory:1208] Using default implementation for ThreadExecutor
2019-05-17 07:41:21.746 [INFO] [main] [org.quartz.core.SchedulerSignalerImpl:61] Initialized Scheduler Signaller of type: class org.quartz.core.SchedulerSignalerImpl
2019-05-17 07:41:21.746 [INFO] [main] [org.quartz.core.QuartzScheduler:229] Quartz Scheduler v.2.3.1 created.
2019-05-17 07:41:21.747 [INFO] [main] [org.quartz.simpl.RAMJobStore:155] RAMJobStore initialized.
2019-05-17 07:41:21.748 [INFO] [main] [org.quartz.core.QuartzScheduler:294] Scheduler meta-data: Quartz Scheduler (v2.3.1) 'quartzScheduler' with instanceId 'NON_CLUSTERED'
  Scheduler class: 'org.quartz.core.QuartzScheduler' - running locally.
  NOT STARTED.
  Currently in standby mode.
  Number of jobs executed: 0
  Using thread pool 'org.quartz.simpl.SimpleThreadPool' - with 10 threads.
  Using job-store 'org.quartz.simpl.RAMJobStore' - which does not support persistence. and is not clustered.

2019-05-17 07:41:21.748 [INFO] [main] [org.quartz.impl.StdSchedulerFactory:1362] Quartz scheduler 'quartzScheduler' initialized from an externally provided properties instance.
2019-05-17 07:41:21.748 [INFO] [main] [org.quartz.impl.StdSchedulerFactory:1366] Quartz scheduler version: 2.3.1
2019-05-17 07:41:21.749 [INFO] [main] [org.quartz.core.QuartzScheduler:2293] JobFactory set to: org.springframework.scheduling.quartz.SpringBeanJobFactory@302fec27
2019-05-17 07:41:21.795 [INFO] [main] [org.springframework.scheduling.quartz.SchedulerFactoryBean:726] Starting Quartz Scheduler now
2019-05-17 07:41:21.796 [INFO] [main] [org.quartz.core.QuartzScheduler:547] Scheduler quartzScheduler_$_NON_CLUSTERED started.
2019-05-17 07:41:21.796 [DEBUG] [quartzScheduler_QuartzSchedulerThread] [org.quartz.core.QuartzSchedulerThread:291] batch acquisition of 0 triggers
2019-05-17 07:41:21.807 [INFO] [main] [com.jpdacunha.media.batch.organizer.test.service.MediaServiceTest:59] Started MediaServiceTest in 1.367 seconds (JVM running for 2.327)
2019-05-17 07:41:21.990 [DEBUG] [main] [com.jpdacunha.media.batch.organizer.service.impl.MediaServiceImpl:27] Starting classifyByYear ...
2019-05-17 07:41:21.995 [DEBUG] [main] [com.jpdacunha.media.batch.organizer.service.impl.MediaServiceImpl:51] Starting classification for [Arlette4.jpg] ...
2019-05-17 07:41:22.019 [DEBUG] [main] [com.jpdacunha.media.batch.organizer.service.impl.MediaServiceImpl:54]   :> Tue Apr 30 08:11:48 -07:00 2019
2019-05-17 07:41:22.020 [DEBUG] [main] [com.jpdacunha.media.batch.organizer.service.impl.MediaServiceImpl:55]   :> Tue Apr 30 08:11:48 PDT 2019
2019-05-17 07:41:22.020 [DEBUG] [main] [com.jpdacunha.media.batch.organizer.service.impl.MediaServiceImpl:56] Done.
2019-05-17 07:41:22.021 [DEBUG] [main] [com.jpdacunha.media.batch.organizer.service.impl.MediaServiceImpl:64] End.
2019-05-17 07:41:22.088 [INFO] [Thread-2] [org.quartz.core.QuartzScheduler:585] Scheduler quartzScheduler_$_NON_CLUSTERED paused.
2019-05-17 07:41:22.088 [INFO] [Thread-2] [org.springframework.scheduling.quartz.SchedulerFactoryBean:844] Shutting down Quartz Scheduler
2019-05-17 07:41:22.089 [INFO] [Thread-2] [org.quartz.core.QuartzScheduler:666] Scheduler quartzScheduler_$_NON_CLUSTERED shutting down.
2019-05-17 07:41:22.089 [INFO] [Thread-2] [org.quartz.core.QuartzScheduler:585] Scheduler quartzScheduler_$_NON_CLUSTERED paused.
2019-05-17 07:41:22.090 [DEBUG] [Thread-2] [org.quartz.simpl.SimpleThreadPool:328] Shutting down threadpool...
2019-05-17 07:41:22.090 [DEBUG] [Thread-2] [org.quartz.simpl.SimpleThreadPool:395] Shutdown of threadpool complete.
2019-05-17 07:41:22.090 [INFO] [Thread-2] [org.quartz.core.QuartzScheduler:740] Scheduler quartzScheduler_$_NON_CLUSTERED shutdown complete.
2019-05-17 07:42:35.713 [INFO] [main] [com.jpdacunha.media.batch.organizer.SpringMediaBatchApplication:50] Starting SpringMediaBatchApplication on ubuntu with PID 54012 (/home/dev/git/spring-media-organizer/spring-media-batch/target/classes started by dev in /home/dev/git/spring-media-organizer/spring-media-batch)
2019-05-17 07:42:35.715 [DEBUG] [main] [com.jpdacunha.media.batch.organizer.SpringMediaBatchApplication:53] Running with Spring Boot v2.1.4.RELEASE, Spring v5.1.6.RELEASE
2019-05-17 07:42:35.716 [INFO] [main] [com.jpdacunha.media.batch.organizer.SpringMediaBatchApplication:679] The following profiles are active: prod
2019-05-17 07:42:36.451 [INFO] [main] [org.quartz.impl.StdSchedulerFactory:1208] Using default implementation for ThreadExecutor
2019-05-17 07:42:36.471 [INFO] [main] [org.quartz.core.SchedulerSignalerImpl:61] Initialized Scheduler Signaller of type: class org.quartz.core.SchedulerSignalerImpl
2019-05-17 07:42:36.472 [INFO] [main] [org.quartz.core.QuartzScheduler:229] Quartz Scheduler v.2.3.1 created.
2019-05-17 07:42:36.473 [INFO] [main] [org.quartz.simpl.RAMJobStore:155] RAMJobStore initialized.
2019-05-17 07:42:36.474 [INFO] [main] [org.quartz.core.QuartzScheduler:294] Scheduler meta-data: Quartz Scheduler (v2.3.1) 'quartzScheduler' with instanceId 'NON_CLUSTERED'
  Scheduler class: 'org.quartz.core.QuartzScheduler' - running locally.
  NOT STARTED.
  Currently in standby mode.
  Number of jobs executed: 0
  Using thread pool 'org.quartz.simpl.SimpleThreadPool' - with 10 threads.
  Using job-store 'org.quartz.simpl.RAMJobStore' - which does not support persistence. and is not clustered.

2019-05-17 07:42:36.476 [INFO] [main] [org.quartz.impl.StdSchedulerFactory:1362] Quartz scheduler 'quartzScheduler' initialized from an externally provided properties instance.
2019-05-17 07:42:36.476 [INFO] [main] [org.quartz.impl.StdSchedulerFactory:1366] Quartz scheduler version: 2.3.1
2019-05-17 07:42:36.476 [INFO] [main] [org.quartz.core.QuartzScheduler:2293] JobFactory set to: org.springframework.scheduling.quartz.SpringBeanJobFactory@707a5cd0
2019-05-17 07:42:36.526 [INFO] [main] [org.springframework.scheduling.quartz.SchedulerFactoryBean:726] Starting Quartz Scheduler now
2019-05-17 07:42:36.527 [DEBUG] [quartzScheduler_QuartzSchedulerThread] [org.quartz.core.QuartzSchedulerThread:291] batch acquisition of 0 triggers
2019-05-17 07:42:36.527 [INFO] [main] [org.quartz.core.QuartzScheduler:547] Scheduler quartzScheduler_$_NON_CLUSTERED started.
2019-05-17 07:42:36.537 [INFO] [main] [com.jpdacunha.media.batch.organizer.SpringMediaBatchApplication:59] Started SpringMediaBatchApplication in 1.235 seconds (JVM running for 4.428)
2019-05-17 07:42:51.813 [INFO] [Thread-3] [org.quartz.core.QuartzScheduler:585] Scheduler quartzScheduler_$_NON_CLUSTERED paused.
2019-05-17 07:42:51.820 [INFO] [Thread-3] [org.springframework.scheduling.quartz.SchedulerFactoryBean:844] Shutting down Quartz Scheduler
2019-05-17 07:42:51.820 [INFO] [Thread-3] [org.quartz.core.QuartzScheduler:666] Scheduler quartzScheduler_$_NON_CLUSTERED shutting down.
2019-05-17 07:42:51.820 [INFO] [Thread-3] [org.quartz.core.QuartzScheduler:585] Scheduler quartzScheduler_$_NON_CLUSTERED paused.
2019-05-17 07:42:51.820 [DEBUG] [Thread-3] [org.quartz.simpl.SimpleThreadPool:328] Shutting down threadpool...
2019-05-17 07:42:51.821 [DEBUG] [Thread-3] [org.quartz.simpl.SimpleThreadPool:395] Shutdown of threadpool complete.
2019-05-17 07:42:51.821 [INFO] [Thread-3] [org.quartz.core.QuartzScheduler:740] Scheduler quartzScheduler_$_NON_CLUSTERED shutdown complete.
2019-05-17 07:43:00.837 [INFO] [main] [com.jpdacunha.media.batch.organizer.SpringMediaBatchApplication:50] Starting SpringMediaBatchApplication on ubuntu with PID 54050 (/home/dev/git/spring-media-organizer/spring-media-batch/target/classes started by dev in /home/dev/git/spring-media-organizer/spring-media-batch)
2019-05-17 07:43:00.842 [DEBUG] [main] [com.jpdacunha.media.batch.organizer.SpringMediaBatchApplication:53] Running with Spring Boot v2.1.4.RELEASE, Spring v5.1.6.RELEASE
2019-05-17 07:43:00.843 [INFO] [main] [com.jpdacunha.media.batch.organizer.SpringMediaBatchApplication:679] The following profiles are active: prod
2019-05-17 07:43:03.585 [INFO] [main] [org.quartz.impl.StdSchedulerFactory:1208] Using default implementation for ThreadExecutor
2019-05-17 07:43:03.648 [INFO] [main] [org.quartz.core.SchedulerSignalerImpl:61] Initialized Scheduler Signaller of type: class org.quartz.core.SchedulerSignalerImpl
2019-05-17 07:43:03.648 [INFO] [main] [org.quartz.core.QuartzScheduler:229] Quartz Scheduler v.2.3.1 created.
2019-05-17 07:43:03.650 [INFO] [main] [org.quartz.simpl.RAMJobStore:155] RAMJobStore initialized.
2019-05-17 07:43:03.652 [INFO] [main] [org.quartz.core.QuartzScheduler:294] Scheduler meta-data: Quartz Scheduler (v2.3.1) 'quartzScheduler' with instanceId 'NON_CLUSTERED'
  Scheduler class: 'org.quartz.core.QuartzScheduler' - running locally.
  NOT STARTED.
  Currently in standby mode.
  Number of jobs executed: 0
  Using thread pool 'org.quartz.simpl.SimpleThreadPool' - with 10 threads.
  Using job-store 'org.quartz.simpl.RAMJobStore' - which does not support persistence. and is not clustered.

2019-05-17 07:43:03.656 [INFO] [main] [org.quartz.impl.StdSchedulerFactory:1362] Quartz scheduler 'quartzScheduler' initialized from an externally provided properties instance.
2019-05-17 07:43:03.668 [INFO] [main] [org.quartz.impl.StdSchedulerFactory:1366] Quartz scheduler version: 2.3.1
2019-05-17 07:43:03.680 [INFO] [main] [org.quartz.core.QuartzScheduler:2293] JobFactory set to: org.springframework.scheduling.quartz.SpringBeanJobFactory@4a94194
2019-05-17 07:43:03.810 [INFO] [main] [org.springframework.scheduling.quartz.SchedulerFactoryBean:726] Starting Quartz Scheduler now
2019-05-17 07:43:03.814 [DEBUG] [quartzScheduler_QuartzSchedulerThread] [org.quartz.core.QuartzSchedulerThread:291] batch acquisition of 0 triggers
2019-05-17 07:43:03.814 [INFO] [main] [org.quartz.core.QuartzScheduler:547] Scheduler quartzScheduler_$_NON_CLUSTERED started.
2019-05-17 07:43:03.829 [INFO] [main] [com.jpdacunha.media.batch.organizer.SpringMediaBatchApplication:59] Started SpringMediaBatchApplication in 4.14 seconds (JVM running for 7.983)
2019-05-17 07:43:28.923 [DEBUG] [quartzScheduler_QuartzSchedulerThread] [org.quartz.core.QuartzSchedulerThread:291] batch acquisition of 0 triggers
2019-05-17 07:43:34.575 [INFO] [Thread-3] [org.quartz.core.QuartzScheduler:585] Scheduler quartzScheduler_$_NON_CLUSTERED paused.
2019-05-17 07:43:34.577 [INFO] [Thread-3] [org.springframework.scheduling.quartz.SchedulerFactoryBean:844] Shutting down Quartz Scheduler
2019-05-17 07:43:34.578 [INFO] [Thread-3] [org.quartz.core.QuartzScheduler:666] Scheduler quartzScheduler_$_NON_CLUSTERED shutting down.
2019-05-17 07:43:34.578 [INFO] [Thread-3] [org.quartz.core.QuartzScheduler:585] Scheduler quartzScheduler_$_NON_CLUSTERED paused.
2019-05-17 07:43:34.578 [DEBUG] [Thread-3] [org.quartz.simpl.SimpleThreadPool:328] Shutting down threadpool...
2019-05-17 07:43:34.579 [DEBUG] [Thread-3] [org.quartz.simpl.SimpleThreadPool:395] Shutdown of threadpool complete.
2019-05-17 07:43:34.584 [INFO] [Thread-3] [org.quartz.core.QuartzScheduler:740] Scheduler quartzScheduler_$_NON_CLUSTERED shutdown complete.
2019-05-17 07:46:21.842 [INFO] [main] [com.jpdacunha.media.batch.organizer.test.service.MediaServiceTest:50] Starting MediaServiceTest on ubuntu with PID 54387 (started by dev in /home/dev/git/spring-media-organizer/spring-media-batch)
2019-05-17 07:46:21.853 [DEBUG] [main] [com.jpdacunha.media.batch.organizer.test.service.MediaServiceTest:53] Running with Spring Boot v2.1.4.RELEASE, Spring v5.1.6.RELEASE
2019-05-17 07:46:21.853 [INFO] [main] [com.jpdacunha.media.batch.organizer.test.service.MediaServiceTest:679] The following profiles are active: test
2019-05-17 07:46:23.158 [INFO] [main] [org.quartz.impl.StdSchedulerFactory:1208] Using default implementation for ThreadExecutor
2019-05-17 07:46:23.281 [INFO] [main] [org.quartz.core.SchedulerSignalerImpl:61] Initialized Scheduler Signaller of type: class org.quartz.core.SchedulerSignalerImpl
2019-05-17 07:46:23.282 [INFO] [main] [org.quartz.core.QuartzScheduler:229] Quartz Scheduler v.2.3.1 created.
2019-05-17 07:46:23.283 [INFO] [main] [org.quartz.simpl.RAMJobStore:155] RAMJobStore initialized.
2019-05-17 07:46:23.283 [INFO] [main] [org.quartz.core.QuartzScheduler:294] Scheduler meta-data: Quartz Scheduler (v2.3.1) 'quartzScheduler' with instanceId 'NON_CLUSTERED'
  Scheduler class: 'org.quartz.core.QuartzScheduler' - running locally.
  NOT STARTED.
  Currently in standby mode.
  Number of jobs executed: 0
  Using thread pool 'org.quartz.simpl.SimpleThreadPool' - with 10 threads.
  Using job-store 'org.quartz.simpl.RAMJobStore' - which does not support persistence. and is not clustered.

2019-05-17 07:46:23.283 [INFO] [main] [org.quartz.impl.StdSchedulerFactory:1362] Quartz scheduler 'quartzScheduler' initialized from an externally provided properties instance.
2019-05-17 07:46:23.284 [INFO] [main] [org.quartz.impl.StdSchedulerFactory:1366] Quartz scheduler version: 2.3.1
2019-05-17 07:46:23.303 [INFO] [main] [org.quartz.core.QuartzScheduler:2293] JobFactory set to: org.springframework.scheduling.quartz.SpringBeanJobFactory@549621f3
2019-05-17 07:46:23.552 [INFO] [main] [org.springframework.scheduling.quartz.SchedulerFactoryBean:726] Starting Quartz Scheduler now
2019-05-17 07:46:23.561 [INFO] [main] [org.quartz.core.QuartzScheduler:547] Scheduler quartzScheduler_$_NON_CLUSTERED started.
2019-05-17 07:46:23.567 [DEBUG] [quartzScheduler_QuartzSchedulerThread] [org.quartz.core.QuartzSchedulerThread:291] batch acquisition of 0 triggers
2019-05-17 07:46:23.572 [INFO] [main] [com.jpdacunha.media.batch.organizer.test.service.MediaServiceTest:59] Started MediaServiceTest in 2.522 seconds (JVM running for 4.192)
2019-05-17 07:46:24.142 [DEBUG] [main] [com.jpdacunha.media.batch.organizer.service.impl.MediaServiceImpl:27] Starting classifyByYear ...
2019-05-17 07:46:24.149 [DEBUG] [main] [com.jpdacunha.media.batch.organizer.service.impl.MediaServiceImpl:51] Starting classification for [Arlette4.jpg] ...
2019-05-17 07:46:24.247 [DEBUG] [main] [com.jpdacunha.media.batch.organizer.service.impl.MediaServiceImpl:54]   :> Tue Apr 30 08:11:48 -07:00 2019
2019-05-17 07:46:24.251 [DEBUG] [main] [com.jpdacunha.media.batch.organizer.service.impl.MediaServiceImpl:55]   :> Tue Apr 30 08:11:48 PDT 2019
2019-05-17 07:46:24.252 [DEBUG] [main] [com.jpdacunha.media.batch.organizer.service.impl.MediaServiceImpl:56] Done.
2019-05-17 07:46:24.252 [DEBUG] [main] [com.jpdacunha.media.batch.organizer.service.impl.MediaServiceImpl:64] End.
2019-05-17 07:46:24.343 [INFO] [Thread-2] [org.quartz.core.QuartzScheduler:585] Scheduler quartzScheduler_$_NON_CLUSTERED paused.
2019-05-17 07:46:24.344 [INFO] [Thread-2] [org.springframework.scheduling.quartz.SchedulerFactoryBean:844] Shutting down Quartz Scheduler
2019-05-17 07:46:24.347 [INFO] [Thread-2] [org.quartz.core.QuartzScheduler:666] Scheduler quartzScheduler_$_NON_CLUSTERED shutting down.
2019-05-17 07:46:24.348 [INFO] [Thread-2] [org.quartz.core.QuartzScheduler:585] Scheduler quartzScheduler_$_NON_CLUSTERED paused.
2019-05-17 07:46:24.348 [DEBUG] [Thread-2] [org.quartz.simpl.SimpleThreadPool:328] Shutting down threadpool...
2019-05-17 07:46:24.349 [DEBUG] [Thread-2] [org.quartz.simpl.SimpleThreadPool:395] Shutdown of threadpool complete.
2019-05-17 07:46:24.349 [INFO] [Thread-2] [org.quartz.core.QuartzScheduler:740] Scheduler quartzScheduler_$_NON_CLUSTERED shutdown complete.
2019-05-17 07:55:05.333 [INFO] [main] [com.jpdacunha.media.batch.organizer.test.service.MediaServiceTest:50] Starting MediaServiceTest on ubuntu with PID 54697 (started by dev in /home/dev/git/spring-media-organizer/spring-media-batch)
2019-05-17 07:55:05.334 [DEBUG] [main] [com.jpdacunha.media.batch.organizer.test.service.MediaServiceTest:53] Running with Spring Boot v2.1.4.RELEASE, Spring v5.1.6.RELEASE
2019-05-17 07:55:05.334 [INFO] [main] [com.jpdacunha.media.batch.organizer.test.service.MediaServiceTest:679] The following profiles are active: test
2019-05-17 07:55:06.096 [INFO] [main] [org.quartz.impl.StdSchedulerFactory:1208] Using default implementation for ThreadExecutor
2019-05-17 07:55:06.106 [INFO] [main] [org.quartz.core.SchedulerSignalerImpl:61] Initialized Scheduler Signaller of type: class org.quartz.core.SchedulerSignalerImpl
2019-05-17 07:55:06.107 [INFO] [main] [org.quartz.core.QuartzScheduler:229] Quartz Scheduler v.2.3.1 created.
2019-05-17 07:55:06.108 [INFO] [main] [org.quartz.simpl.RAMJobStore:155] RAMJobStore initialized.
2019-05-17 07:55:06.108 [INFO] [main] [org.quartz.core.QuartzScheduler:294] Scheduler meta-data: Quartz Scheduler (v2.3.1) 'quartzScheduler' with instanceId 'NON_CLUSTERED'
  Scheduler class: 'org.quartz.core.QuartzScheduler' - running locally.
  NOT STARTED.
  Currently in standby mode.
  Number of jobs executed: 0
  Using thread pool 'org.quartz.simpl.SimpleThreadPool' - with 10 threads.
  Using job-store 'org.quartz.simpl.RAMJobStore' - which does not support persistence. and is not clustered.

2019-05-17 07:55:06.109 [INFO] [main] [org.quartz.impl.StdSchedulerFactory:1362] Quartz scheduler 'quartzScheduler' initialized from an externally provided properties instance.
2019-05-17 07:55:06.109 [INFO] [main] [org.quartz.impl.StdSchedulerFactory:1366] Quartz scheduler version: 2.3.1
2019-05-17 07:55:06.109 [INFO] [main] [org.quartz.core.QuartzScheduler:2293] JobFactory set to: org.springframework.scheduling.quartz.SpringBeanJobFactory@549621f3
2019-05-17 07:55:06.192 [INFO] [main] [org.springframework.scheduling.quartz.SchedulerFactoryBean:726] Starting Quartz Scheduler now
2019-05-17 07:55:06.193 [DEBUG] [quartzScheduler_QuartzSchedulerThread] [org.quartz.core.QuartzSchedulerThread:291] batch acquisition of 0 triggers
2019-05-17 07:55:06.197 [INFO] [main] [org.quartz.core.QuartzScheduler:547] Scheduler quartzScheduler_$_NON_CLUSTERED started.
2019-05-17 07:55:06.209 [INFO] [main] [com.jpdacunha.media.batch.organizer.test.service.MediaServiceTest:59] Started MediaServiceTest in 1.489 seconds (JVM running for 2.494)
2019-05-17 07:55:06.420 [DEBUG] [main] [com.jpdacunha.media.batch.organizer.service.impl.MediaServiceImpl:27] Starting classifyByYear ...
2019-05-17 07:55:06.425 [DEBUG] [main] [com.jpdacunha.media.batch.organizer.service.impl.MediaServiceImpl:51] Starting classification for [354PPP.jpg] ...
2019-05-17 07:55:06.449 [DEBUG] [main] [com.jpdacunha.media.batch.organizer.service.impl.MediaServiceImpl:54]   :> Fri Dec 18 01:30:09 -08:00 2015
2019-05-17 07:55:06.450 [DEBUG] [main] [com.jpdacunha.media.batch.organizer.service.impl.MediaServiceImpl:55]   :> Fri Dec 18 01:30:09 PST 2015
2019-05-17 07:55:06.450 [DEBUG] [main] [com.jpdacunha.media.batch.organizer.service.impl.MediaServiceImpl:56] Done.
2019-05-17 07:55:06.450 [DEBUG] [main] [com.jpdacunha.media.batch.organizer.service.impl.MediaServiceImpl:51] Starting classification for [Arlette4.jpg] ...
2019-05-17 07:55:06.452 [DEBUG] [main] [com.jpdacunha.media.batch.organizer.service.impl.MediaServiceImpl:54]   :> Tue Apr 30 08:11:48 -07:00 2019
2019-05-17 07:55:06.452 [DEBUG] [main] [com.jpdacunha.media.batch.organizer.service.impl.MediaServiceImpl:55]   :> Tue Apr 30 08:11:48 PDT 2019
2019-05-17 07:55:06.452 [DEBUG] [main] [com.jpdacunha.media.batch.organizer.service.impl.MediaServiceImpl:56] Done.
2019-05-17 07:55:06.452 [DEBUG] [main] [com.jpdacunha.media.batch.organizer.service.impl.MediaServiceImpl:64] End.
2019-05-17 07:55:06.459 [INFO] [Thread-2] [org.quartz.core.QuartzScheduler:585] Scheduler quartzScheduler_$_NON_CLUSTERED paused.
2019-05-17 07:55:06.460 [INFO] [Thread-2] [org.springframework.scheduling.quartz.SchedulerFactoryBean:844] Shutting down Quartz Scheduler
2019-05-17 07:55:06.460 [INFO] [Thread-2] [org.quartz.core.QuartzScheduler:666] Scheduler quartzScheduler_$_NON_CLUSTERED shutting down.
2019-05-17 07:55:06.460 [INFO] [Thread-2] [org.quartz.core.QuartzScheduler:585] Scheduler quartzScheduler_$_NON_CLUSTERED paused.
2019-05-17 07:55:06.460 [DEBUG] [Thread-2] [org.quartz.simpl.SimpleThreadPool:328] Shutting down threadpool...
2019-05-17 07:55:06.460 [DEBUG] [Thread-2] [org.quartz.simpl.SimpleThreadPool:395] Shutdown of threadpool complete.
2019-05-17 07:55:06.460 [INFO] [Thread-2] [org.quartz.core.QuartzScheduler:740] Scheduler quartzScheduler_$_NON_CLUSTERED shutdown complete.
2019-05-17 08:00:26.089 [INFO] [main] [com.jpdacunha.media.batch.organizer.test.service.MediaServiceTest:50] Starting MediaServiceTest on ubuntu with PID 55254 (started by dev in /home/dev/git/spring-media-organizer/spring-media-batch)
2019-05-17 08:00:26.092 [DEBUG] [main] [com.jpdacunha.media.batch.organizer.test.service.MediaServiceTest:53] Running with Spring Boot v2.1.4.RELEASE, Spring v5.1.6.RELEASE
2019-05-17 08:00:26.092 [INFO] [main] [com.jpdacunha.media.batch.organizer.test.service.MediaServiceTest:679] The following profiles are active: test
2019-05-17 08:00:26.666 [INFO] [main] [org.quartz.impl.StdSchedulerFactory:1208] Using default implementation for ThreadExecutor
2019-05-17 08:00:26.746 [INFO] [main] [org.quartz.core.SchedulerSignalerImpl:61] Initialized Scheduler Signaller of type: class org.quartz.core.SchedulerSignalerImpl
2019-05-17 08:00:26.747 [INFO] [main] [org.quartz.core.QuartzScheduler:229] Quartz Scheduler v.2.3.1 created.
2019-05-17 08:00:26.747 [INFO] [main] [org.quartz.simpl.RAMJobStore:155] RAMJobStore initialized.
2019-05-17 08:00:26.748 [INFO] [main] [org.quartz.core.QuartzScheduler:294] Scheduler meta-data: Quartz Scheduler (v2.3.1) 'quartzScheduler' with instanceId 'NON_CLUSTERED'
  Scheduler class: 'org.quartz.core.QuartzScheduler' - running locally.
  NOT STARTED.
  Currently in standby mode.
  Number of jobs executed: 0
  Using thread pool 'org.quartz.simpl.SimpleThreadPool' - with 10 threads.
  Using job-store 'org.quartz.simpl.RAMJobStore' - which does not support persistence. and is not clustered.

2019-05-17 08:00:26.749 [INFO] [main] [org.quartz.impl.StdSchedulerFactory:1362] Quartz scheduler 'quartzScheduler' initialized from an externally provided properties instance.
2019-05-17 08:00:26.749 [INFO] [main] [org.quartz.impl.StdSchedulerFactory:1366] Quartz scheduler version: 2.3.1
2019-05-17 08:00:26.751 [INFO] [main] [org.quartz.core.QuartzScheduler:2293] JobFactory set to: org.springframework.scheduling.quartz.SpringBeanJobFactory@1cb3ec38
2019-05-17 08:00:26.843 [INFO] [main] [org.springframework.scheduling.quartz.SchedulerFactoryBean:726] Starting Quartz Scheduler now
2019-05-17 08:00:26.850 [DEBUG] [quartzScheduler_QuartzSchedulerThread] [org.quartz.core.QuartzSchedulerThread:291] batch acquisition of 0 triggers
2019-05-17 08:00:26.850 [INFO] [main] [org.quartz.core.QuartzScheduler:547] Scheduler quartzScheduler_$_NON_CLUSTERED started.
2019-05-17 08:00:26.864 [INFO] [main] [com.jpdacunha.media.batch.organizer.test.service.MediaServiceTest:59] Started MediaServiceTest in 1.148 seconds (JVM running for 1.948)
2019-05-17 08:00:27.061 [DEBUG] [main] [com.jpdacunha.media.batch.organizer.service.impl.MediaServiceImpl:28] Starting classifyByYear ...
2019-05-17 08:00:27.083 [DEBUG] [main] [com.jpdacunha.media.batch.organizer.service.impl.MediaServiceImpl:59] Starting classification for [354PPP.jpg] ...
2019-05-17 08:00:27.083 [DEBUG] [main] [com.jpdacunha.media.batch.organizer.service.impl.MediaServiceImpl:61]   :> 11
2019-05-17 08:00:27.084 [DEBUG] [main] [com.jpdacunha.media.batch.organizer.service.impl.MediaServiceImpl:62] Done.
2019-05-17 08:00:27.084 [DEBUG] [main] [com.jpdacunha.media.batch.organizer.service.impl.MediaServiceImpl:59] Starting classification for [Arlette4.jpg] ...
2019-05-17 08:00:27.085 [DEBUG] [main] [com.jpdacunha.media.batch.organizer.service.impl.MediaServiceImpl:61]   :> 3
2019-05-17 08:00:27.085 [DEBUG] [main] [com.jpdacunha.media.batch.organizer.service.impl.MediaServiceImpl:62] Done.
2019-05-17 08:00:27.085 [DEBUG] [main] [com.jpdacunha.media.batch.organizer.service.impl.MediaServiceImpl:70] End.
2019-05-17 08:00:27.097 [INFO] [Thread-2] [org.quartz.core.QuartzScheduler:585] Scheduler quartzScheduler_$_NON_CLUSTERED paused.
2019-05-17 08:00:27.098 [INFO] [Thread-2] [org.springframework.scheduling.quartz.SchedulerFactoryBean:844] Shutting down Quartz Scheduler
2019-05-17 08:00:27.099 [INFO] [Thread-2] [org.quartz.core.QuartzScheduler:666] Scheduler quartzScheduler_$_NON_CLUSTERED shutting down.
2019-05-17 08:00:27.100 [INFO] [Thread-2] [org.quartz.core.QuartzScheduler:585] Scheduler quartzScheduler_$_NON_CLUSTERED paused.
2019-05-17 08:00:27.104 [DEBUG] [Thread-2] [org.quartz.simpl.SimpleThreadPool:328] Shutting down threadpool...
2019-05-17 08:00:27.105 [DEBUG] [Thread-2] [org.quartz.simpl.SimpleThreadPool:395] Shutdown of threadpool complete.
2019-05-17 08:00:27.105 [INFO] [Thread-2] [org.quartz.core.QuartzScheduler:740] Scheduler quartzScheduler_$_NON_CLUSTERED shutdown complete.
2019-05-17 08:05:58.843 [INFO] [main] [com.jpdacunha.media.batch.organizer.test.service.MediaServiceTest:50] Starting MediaServiceTest on ubuntu with PID 55737 (started by dev in /home/dev/git/spring-media-organizer/spring-media-batch)
2019-05-17 08:05:58.844 [DEBUG] [main] [com.jpdacunha.media.batch.organizer.test.service.MediaServiceTest:53] Running with Spring Boot v2.1.4.RELEASE, Spring v5.1.6.RELEASE
2019-05-17 08:05:58.845 [INFO] [main] [com.jpdacunha.media.batch.organizer.test.service.MediaServiceTest:679] The following profiles are active: test
2019-05-17 08:05:59.529 [INFO] [main] [org.quartz.impl.StdSchedulerFactory:1208] Using default implementation for ThreadExecutor
2019-05-17 08:05:59.545 [INFO] [main] [org.quartz.core.SchedulerSignalerImpl:61] Initialized Scheduler Signaller of type: class org.quartz.core.SchedulerSignalerImpl
2019-05-17 08:05:59.545 [INFO] [main] [org.quartz.core.QuartzScheduler:229] Quartz Scheduler v.2.3.1 created.
2019-05-17 08:05:59.546 [INFO] [main] [org.quartz.simpl.RAMJobStore:155] RAMJobStore initialized.
2019-05-17 08:05:59.547 [INFO] [main] [org.quartz.core.QuartzScheduler:294] Scheduler meta-data: Quartz Scheduler (v2.3.1) 'quartzScheduler' with instanceId 'NON_CLUSTERED'
  Scheduler class: 'org.quartz.core.QuartzScheduler' - running locally.
  NOT STARTED.
  Currently in standby mode.
  Number of jobs executed: 0
  Using thread pool 'org.quartz.simpl.SimpleThreadPool' - with 10 threads.
  Using job-store 'org.quartz.simpl.RAMJobStore' - which does not support persistence. and is not clustered.

2019-05-17 08:05:59.548 [INFO] [main] [org.quartz.impl.StdSchedulerFactory:1362] Quartz scheduler 'quartzScheduler' initialized from an externally provided properties instance.
2019-05-17 08:05:59.548 [INFO] [main] [org.quartz.impl.StdSchedulerFactory:1366] Quartz scheduler version: 2.3.1
2019-05-17 08:05:59.548 [INFO] [main] [org.quartz.core.QuartzScheduler:2293] JobFactory set to: org.springframework.scheduling.quartz.SpringBeanJobFactory@6c6357f9
2019-05-17 08:05:59.626 [INFO] [main] [org.springframework.scheduling.quartz.SchedulerFactoryBean:726] Starting Quartz Scheduler now
2019-05-17 08:05:59.626 [DEBUG] [quartzScheduler_QuartzSchedulerThread] [org.quartz.core.QuartzSchedulerThread:291] batch acquisition of 0 triggers
2019-05-17 08:05:59.627 [INFO] [main] [org.quartz.core.QuartzScheduler:547] Scheduler quartzScheduler_$_NON_CLUSTERED started.
2019-05-17 08:05:59.638 [INFO] [main] [com.jpdacunha.media.batch.organizer.test.service.MediaServiceTest:59] Started MediaServiceTest in 1.307 seconds (JVM running for 2.004)
2019-05-17 08:05:59.817 [DEBUG] [main] [com.jpdacunha.media.batch.organizer.service.impl.MediaServiceImpl:29] Starting classifyByYear ...
2019-05-17 08:05:59.833 [DEBUG] [main] [com.jpdacunha.media.batch.organizer.service.impl.MediaServiceImpl:64] Starting classification for [354PPP.jpg] ...
2019-05-17 08:05:59.834 [DEBUG] [main] [com.jpdacunha.media.batch.organizer.service.impl.MediaServiceImpl:66]   :> 4
2019-05-17 08:05:59.835 [DEBUG] [main] [com.jpdacunha.media.batch.organizer.service.impl.MediaServiceImpl:67] Done.
2019-05-17 08:05:59.835 [DEBUG] [main] [com.jpdacunha.media.batch.organizer.service.impl.MediaServiceImpl:64] Starting classification for [Arlette4.jpg] ...
2019-05-17 08:05:59.835 [DEBUG] [main] [com.jpdacunha.media.batch.organizer.service.impl.MediaServiceImpl:66]   :> 4
2019-05-17 08:05:59.836 [DEBUG] [main] [com.jpdacunha.media.batch.organizer.service.impl.MediaServiceImpl:67] Done.
2019-05-17 08:05:59.836 [DEBUG] [main] [com.jpdacunha.media.batch.organizer.service.impl.MediaServiceImpl:75] End.
2019-05-17 08:05:59.854 [INFO] [Thread-3] [org.quartz.core.QuartzScheduler:585] Scheduler quartzScheduler_$_NON_CLUSTERED paused.
2019-05-17 08:05:59.858 [INFO] [Thread-3] [org.springframework.scheduling.quartz.SchedulerFactoryBean:844] Shutting down Quartz Scheduler
2019-05-17 08:05:59.868 [INFO] [Thread-3] [org.quartz.core.QuartzScheduler:666] Scheduler quartzScheduler_$_NON_CLUSTERED shutting down.
2019-05-17 08:05:59.869 [INFO] [Thread-3] [org.quartz.core.QuartzScheduler:585] Scheduler quartzScheduler_$_NON_CLUSTERED paused.
2019-05-17 08:05:59.869 [DEBUG] [Thread-3] [org.quartz.simpl.SimpleThreadPool:328] Shutting down threadpool...
2019-05-17 08:05:59.872 [DEBUG] [Thread-3] [org.quartz.simpl.SimpleThreadPool:395] Shutdown of threadpool complete.
2019-05-17 08:05:59.872 [INFO] [Thread-3] [org.quartz.core.QuartzScheduler:740] Scheduler quartzScheduler_$_NON_CLUSTERED shutdown complete.
2019-05-17 08:06:41.179 [INFO] [main] [com.jpdacunha.media.batch.organizer.test.service.MediaServiceTest:50] Starting MediaServiceTest on ubuntu with PID 55849 (started by dev in /home/dev/git/spring-media-organizer/spring-media-batch)
2019-05-17 08:06:41.180 [DEBUG] [main] [com.jpdacunha.media.batch.organizer.test.service.MediaServiceTest:53] Running with Spring Boot v2.1.4.RELEASE, Spring v5.1.6.RELEASE
2019-05-17 08:06:41.181 [INFO] [main] [com.jpdacunha.media.batch.organizer.test.service.MediaServiceTest:679] The following profiles are active: test
2019-05-17 08:06:41.871 [INFO] [main] [org.quartz.impl.StdSchedulerFactory:1208] Using default implementation for ThreadExecutor
2019-05-17 08:06:41.882 [INFO] [main] [org.quartz.core.SchedulerSignalerImpl:61] Initialized Scheduler Signaller of type: class org.quartz.core.SchedulerSignalerImpl
2019-05-17 08:06:41.882 [INFO] [main] [org.quartz.core.QuartzScheduler:229] Quartz Scheduler v.2.3.1 created.
2019-05-17 08:06:41.883 [INFO] [main] [org.quartz.simpl.RAMJobStore:155] RAMJobStore initialized.
2019-05-17 08:06:41.884 [INFO] [main] [org.quartz.core.QuartzScheduler:294] Scheduler meta-data: Quartz Scheduler (v2.3.1) 'quartzScheduler' with instanceId 'NON_CLUSTERED'
  Scheduler class: 'org.quartz.core.QuartzScheduler' - running locally.
  NOT STARTED.
  Currently in standby mode.
  Number of jobs executed: 0
  Using thread pool 'org.quartz.simpl.SimpleThreadPool' - with 10 threads.
  Using job-store 'org.quartz.simpl.RAMJobStore' - which does not support persistence. and is not clustered.

2019-05-17 08:06:41.884 [INFO] [main] [org.quartz.impl.StdSchedulerFactory:1362] Quartz scheduler 'quartzScheduler' initialized from an externally provided properties instance.
2019-05-17 08:06:41.884 [INFO] [main] [org.quartz.impl.StdSchedulerFactory:1366] Quartz scheduler version: 2.3.1
2019-05-17 08:06:41.884 [INFO] [main] [org.quartz.core.QuartzScheduler:2293] JobFactory set to: org.springframework.scheduling.quartz.SpringBeanJobFactory@1cb3ec38
2019-05-17 08:06:41.932 [INFO] [main] [org.springframework.scheduling.quartz.SchedulerFactoryBean:726] Starting Quartz Scheduler now
2019-05-17 08:06:41.933 [INFO] [main] [org.quartz.core.QuartzScheduler:547] Scheduler quartzScheduler_$_NON_CLUSTERED started.
2019-05-17 08:06:41.933 [DEBUG] [quartzScheduler_QuartzSchedulerThread] [org.quartz.core.QuartzSchedulerThread:291] batch acquisition of 0 triggers
2019-05-17 08:06:41.948 [INFO] [main] [com.jpdacunha.media.batch.organizer.test.service.MediaServiceTest:59] Started MediaServiceTest in 1.222 seconds (JVM running for 2.138)
2019-05-17 08:06:42.104 [DEBUG] [main] [com.jpdacunha.media.batch.organizer.service.impl.MediaServiceImpl:29] Starting classifyByYear ...
2019-05-17 08:06:42.121 [DEBUG] [main] [com.jpdacunha.media.batch.organizer.service.impl.MediaServiceImpl:65] Starting classification for [354PPP.jpg] ...
2019-05-17 08:06:42.122 [DEBUG] [main] [com.jpdacunha.media.batch.organizer.service.impl.MediaServiceImpl:67]   :> 11
2019-05-17 08:06:42.122 [DEBUG] [main] [com.jpdacunha.media.batch.organizer.service.impl.MediaServiceImpl:68] Done.
2019-05-17 08:06:42.123 [DEBUG] [main] [com.jpdacunha.media.batch.organizer.service.impl.MediaServiceImpl:65] Starting classification for [Arlette4.jpg] ...
2019-05-17 08:06:42.123 [DEBUG] [main] [com.jpdacunha.media.batch.organizer.service.impl.MediaServiceImpl:67]   :> 3
2019-05-17 08:06:42.123 [DEBUG] [main] [com.jpdacunha.media.batch.organizer.service.impl.MediaServiceImpl:68] Done.
2019-05-17 08:06:42.124 [DEBUG] [main] [com.jpdacunha.media.batch.organizer.service.impl.MediaServiceImpl:76] End.
2019-05-17 08:06:42.140 [INFO] [Thread-2] [org.quartz.core.QuartzScheduler:585] Scheduler quartzScheduler_$_NON_CLUSTERED paused.
2019-05-17 08:06:42.141 [INFO] [Thread-2] [org.springframework.scheduling.quartz.SchedulerFactoryBean:844] Shutting down Quartz Scheduler
2019-05-17 08:06:42.141 [INFO] [Thread-2] [org.quartz.core.QuartzScheduler:666] Scheduler quartzScheduler_$_NON_CLUSTERED shutting down.
2019-05-17 08:06:42.141 [INFO] [Thread-2] [org.quartz.core.QuartzScheduler:585] Scheduler quartzScheduler_$_NON_CLUSTERED paused.
2019-05-17 08:06:42.142 [DEBUG] [Thread-2] [org.quartz.simpl.SimpleThreadPool:328] Shutting down threadpool...
2019-05-17 08:06:42.142 [DEBUG] [Thread-2] [org.quartz.simpl.SimpleThreadPool:395] Shutdown of threadpool complete.
2019-05-17 08:06:42.142 [INFO] [Thread-2] [org.quartz.core.QuartzScheduler:740] Scheduler quartzScheduler_$_NON_CLUSTERED shutdown complete.
2019-05-17 08:07:09.331 [INFO] [main] [com.jpdacunha.media.batch.organizer.test.service.MediaServiceTest:50] Starting MediaServiceTest on ubuntu with PID 55910 (started by dev in /home/dev/git/spring-media-organizer/spring-media-batch)
2019-05-17 08:07:09.332 [DEBUG] [main] [com.jpdacunha.media.batch.organizer.test.service.MediaServiceTest:53] Running with Spring Boot v2.1.4.RELEASE, Spring v5.1.6.RELEASE
2019-05-17 08:07:09.332 [INFO] [main] [com.jpdacunha.media.batch.organizer.test.service.MediaServiceTest:679] The following profiles are active: test
2019-05-17 08:07:09.943 [INFO] [main] [org.quartz.impl.StdSchedulerFactory:1208] Using default implementation for ThreadExecutor
2019-05-17 08:07:09.954 [INFO] [main] [org.quartz.core.SchedulerSignalerImpl:61] Initialized Scheduler Signaller of type: class org.quartz.core.SchedulerSignalerImpl
2019-05-17 08:07:09.955 [INFO] [main] [org.quartz.core.QuartzScheduler:229] Quartz Scheduler v.2.3.1 created.
2019-05-17 08:07:09.956 [INFO] [main] [org.quartz.simpl.RAMJobStore:155] RAMJobStore initialized.
2019-05-17 08:07:09.957 [INFO] [main] [org.quartz.core.QuartzScheduler:294] Scheduler meta-data: Quartz Scheduler (v2.3.1) 'quartzScheduler' with instanceId 'NON_CLUSTERED'
  Scheduler class: 'org.quartz.core.QuartzScheduler' - running locally.
  NOT STARTED.
  Currently in standby mode.
  Number of jobs executed: 0
  Using thread pool 'org.quartz.simpl.SimpleThreadPool' - with 10 threads.
  Using job-store 'org.quartz.simpl.RAMJobStore' - which does not support persistence. and is not clustered.

2019-05-17 08:07:09.957 [INFO] [main] [org.quartz.impl.StdSchedulerFactory:1362] Quartz scheduler 'quartzScheduler' initialized from an externally provided properties instance.
2019-05-17 08:07:09.957 [INFO] [main] [org.quartz.impl.StdSchedulerFactory:1366] Quartz scheduler version: 2.3.1
2019-05-17 08:07:09.957 [INFO] [main] [org.quartz.core.QuartzScheduler:2293] JobFactory set to: org.springframework.scheduling.quartz.SpringBeanJobFactory@7c041b41
2019-05-17 08:07:10.002 [INFO] [main] [org.springframework.scheduling.quartz.SchedulerFactoryBean:726] Starting Quartz Scheduler now
2019-05-17 08:07:10.003 [DEBUG] [quartzScheduler_QuartzSchedulerThread] [org.quartz.core.QuartzSchedulerThread:291] batch acquisition of 0 triggers
2019-05-17 08:07:10.003 [INFO] [main] [org.quartz.core.QuartzScheduler:547] Scheduler quartzScheduler_$_NON_CLUSTERED started.
2019-05-17 08:07:10.010 [INFO] [main] [com.jpdacunha.media.batch.organizer.test.service.MediaServiceTest:59] Started MediaServiceTest in 1.151 seconds (JVM running for 2.091)
2019-05-17 08:07:10.188 [DEBUG] [main] [com.jpdacunha.media.batch.organizer.service.impl.MediaServiceImpl:29] Starting classifyByYear ...
2019-05-17 08:07:10.204 [DEBUG] [main] [com.jpdacunha.media.batch.organizer.service.impl.MediaServiceImpl:65] Starting classification for [354PPP.jpg] ...
2019-05-17 08:07:10.205 [DEBUG] [main] [com.jpdacunha.media.batch.organizer.service.impl.MediaServiceImpl:67]   :> novembre
2019-05-17 08:07:10.206 [DEBUG] [main] [com.jpdacunha.media.batch.organizer.service.impl.MediaServiceImpl:68] Done.
2019-05-17 08:07:10.207 [DEBUG] [main] [com.jpdacunha.media.batch.organizer.service.impl.MediaServiceImpl:65] Starting classification for [Arlette4.jpg] ...
2019-05-17 08:07:10.207 [DEBUG] [main] [com.jpdacunha.media.batch.organizer.service.impl.MediaServiceImpl:67]   :> mars
2019-05-17 08:07:10.207 [DEBUG] [main] [com.jpdacunha.media.batch.organizer.service.impl.MediaServiceImpl:68] Done.
2019-05-17 08:07:10.208 [DEBUG] [main] [com.jpdacunha.media.batch.organizer.service.impl.MediaServiceImpl:76] End.
2019-05-17 08:07:10.228 [INFO] [Thread-3] [org.quartz.core.QuartzScheduler:585] Scheduler quartzScheduler_$_NON_CLUSTERED paused.
2019-05-17 08:07:10.237 [INFO] [Thread-3] [org.springframework.scheduling.quartz.SchedulerFactoryBean:844] Shutting down Quartz Scheduler
2019-05-17 08:07:10.243 [INFO] [Thread-3] [org.quartz.core.QuartzScheduler:666] Scheduler quartzScheduler_$_NON_CLUSTERED shutting down.
2019-05-17 08:07:10.245 [INFO] [Thread-3] [org.quartz.core.QuartzScheduler:585] Scheduler quartzScheduler_$_NON_CLUSTERED paused.
2019-05-17 08:07:10.246 [DEBUG] [Thread-3] [org.quartz.simpl.SimpleThreadPool:328] Shutting down threadpool...
2019-05-17 08:07:10.246 [DEBUG] [Thread-3] [org.quartz.simpl.SimpleThreadPool:395] Shutdown of threadpool complete.
2019-05-17 08:07:10.248 [INFO] [Thread-3] [org.quartz.core.QuartzScheduler:740] Scheduler quartzScheduler_$_NON_CLUSTERED shutdown complete.
2019-05-17 08:07:29.805 [INFO] [main] [com.jpdacunha.media.batch.organizer.test.service.MediaServiceTest:50] Starting MediaServiceTest on ubuntu with PID 55976 (started by dev in /home/dev/git/spring-media-organizer/spring-media-batch)
2019-05-17 08:07:29.806 [DEBUG] [main] [com.jpdacunha.media.batch.organizer.test.service.MediaServiceTest:53] Running with Spring Boot v2.1.4.RELEASE, Spring v5.1.6.RELEASE
2019-05-17 08:07:29.806 [INFO] [main] [com.jpdacunha.media.batch.organizer.test.service.MediaServiceTest:679] The following profiles are active: test
2019-05-17 08:07:30.400 [INFO] [main] [org.quartz.impl.StdSchedulerFactory:1208] Using default implementation for ThreadExecutor
2019-05-17 08:07:30.411 [INFO] [main] [org.quartz.core.SchedulerSignalerImpl:61] Initialized Scheduler Signaller of type: class org.quartz.core.SchedulerSignalerImpl
2019-05-17 08:07:30.411 [INFO] [main] [org.quartz.core.QuartzScheduler:229] Quartz Scheduler v.2.3.1 created.
2019-05-17 08:07:30.412 [INFO] [main] [org.quartz.simpl.RAMJobStore:155] RAMJobStore initialized.
2019-05-17 08:07:30.413 [INFO] [main] [org.quartz.core.QuartzScheduler:294] Scheduler meta-data: Quartz Scheduler (v2.3.1) 'quartzScheduler' with instanceId 'NON_CLUSTERED'
  Scheduler class: 'org.quartz.core.QuartzScheduler' - running locally.
  NOT STARTED.
  Currently in standby mode.
  Number of jobs executed: 0
  Using thread pool 'org.quartz.simpl.SimpleThreadPool' - with 10 threads.
  Using job-store 'org.quartz.simpl.RAMJobStore' - which does not support persistence. and is not clustered.

2019-05-17 08:07:30.413 [INFO] [main] [org.quartz.impl.StdSchedulerFactory:1362] Quartz scheduler 'quartzScheduler' initialized from an externally provided properties instance.
2019-05-17 08:07:30.414 [INFO] [main] [org.quartz.impl.StdSchedulerFactory:1366] Quartz scheduler version: 2.3.1
2019-05-17 08:07:30.414 [INFO] [main] [org.quartz.core.QuartzScheduler:2293] JobFactory set to: org.springframework.scheduling.quartz.SpringBeanJobFactory@7c041b41
2019-05-17 08:07:30.459 [INFO] [main] [org.springframework.scheduling.quartz.SchedulerFactoryBean:726] Starting Quartz Scheduler now
2019-05-17 08:07:30.459 [DEBUG] [quartzScheduler_QuartzSchedulerThread] [org.quartz.core.QuartzSchedulerThread:291] batch acquisition of 0 triggers
2019-05-17 08:07:30.460 [INFO] [main] [org.quartz.core.QuartzScheduler:547] Scheduler quartzScheduler_$_NON_CLUSTERED started.
2019-05-17 08:07:30.475 [INFO] [main] [com.jpdacunha.media.batch.organizer.test.service.MediaServiceTest:59] Started MediaServiceTest in 1.161 seconds (JVM running for 1.859)
2019-05-17 08:07:30.660 [DEBUG] [main] [com.jpdacunha.media.batch.organizer.service.impl.MediaServiceImpl:29] Starting classifyByYear ...
2019-05-17 08:07:30.672 [DEBUG] [main] [com.jpdacunha.media.batch.organizer.service.impl.MediaServiceImpl:65] Starting classification for [354PPP.jpg] ...
2019-05-17 08:07:30.672 [DEBUG] [main] [com.jpdacunha.media.batch.organizer.service.impl.MediaServiceImpl:67]   :> décembre
2019-05-17 08:07:30.673 [DEBUG] [main] [com.jpdacunha.media.batch.organizer.service.impl.MediaServiceImpl:68] Done.
2019-05-17 08:07:30.673 [DEBUG] [main] [com.jpdacunha.media.batch.organizer.service.impl.MediaServiceImpl:65] Starting classification for [Arlette4.jpg] ...
2019-05-17 08:07:30.673 [DEBUG] [main] [com.jpdacunha.media.batch.organizer.service.impl.MediaServiceImpl:67]   :> avril
2019-05-17 08:07:30.673 [DEBUG] [main] [com.jpdacunha.media.batch.organizer.service.impl.MediaServiceImpl:68] Done.
2019-05-17 08:07:30.673 [DEBUG] [main] [com.jpdacunha.media.batch.organizer.service.impl.MediaServiceImpl:76] End.
2019-05-17 08:07:30.679 [INFO] [Thread-3] [org.quartz.core.QuartzScheduler:585] Scheduler quartzScheduler_$_NON_CLUSTERED paused.
2019-05-17 08:07:30.679 [INFO] [Thread-3] [org.springframework.scheduling.quartz.SchedulerFactoryBean:844] Shutting down Quartz Scheduler
2019-05-17 08:07:30.680 [INFO] [Thread-3] [org.quartz.core.QuartzScheduler:666] Scheduler quartzScheduler_$_NON_CLUSTERED shutting down.
2019-05-17 08:07:30.680 [INFO] [Thread-3] [org.quartz.core.QuartzScheduler:585] Scheduler quartzScheduler_$_NON_CLUSTERED paused.
2019-05-17 08:07:30.680 [DEBUG] [Thread-3] [org.quartz.simpl.SimpleThreadPool:328] Shutting down threadpool...
2019-05-17 08:07:30.680 [DEBUG] [Thread-3] [org.quartz.simpl.SimpleThreadPool:395] Shutdown of threadpool complete.
2019-05-17 08:07:30.680 [INFO] [Thread-3] [org.quartz.core.QuartzScheduler:740] Scheduler quartzScheduler_$_NON_CLUSTERED shutdown complete.
2019-05-17 08:15:53.352 [INFO] [main] [com.jpdacunha.media.batch.organizer.test.service.MediaServiceTest:50] Starting MediaServiceTest on ubuntu with PID 57098 (started by dev in /home/dev/git/spring-media-organizer/spring-media-batch)
2019-05-17 08:15:53.353 [DEBUG] [main] [com.jpdacunha.media.batch.organizer.test.service.MediaServiceTest:53] Running with Spring Boot v2.1.4.RELEASE, Spring v5.1.6.RELEASE
2019-05-17 08:15:53.353 [INFO] [main] [com.jpdacunha.media.batch.organizer.test.service.MediaServiceTest:679] The following profiles are active: test
2019-05-17 08:15:54.102 [INFO] [main] [org.quartz.impl.StdSchedulerFactory:1208] Using default implementation for ThreadExecutor
2019-05-17 08:15:54.113 [INFO] [main] [org.quartz.core.SchedulerSignalerImpl:61] Initialized Scheduler Signaller of type: class org.quartz.core.SchedulerSignalerImpl
2019-05-17 08:15:54.114 [INFO] [main] [org.quartz.core.QuartzScheduler:229] Quartz Scheduler v.2.3.1 created.
2019-05-17 08:15:54.118 [INFO] [main] [org.quartz.simpl.RAMJobStore:155] RAMJobStore initialized.
2019-05-17 08:15:54.119 [INFO] [main] [org.quartz.core.QuartzScheduler:294] Scheduler meta-data: Quartz Scheduler (v2.3.1) 'quartzScheduler' with instanceId 'NON_CLUSTERED'
  Scheduler class: 'org.quartz.core.QuartzScheduler' - running locally.
  NOT STARTED.
  Currently in standby mode.
  Number of jobs executed: 0
  Using thread pool 'org.quartz.simpl.SimpleThreadPool' - with 10 threads.
  Using job-store 'org.quartz.simpl.RAMJobStore' - which does not support persistence. and is not clustered.

2019-05-17 08:15:54.120 [INFO] [main] [org.quartz.impl.StdSchedulerFactory:1362] Quartz scheduler 'quartzScheduler' initialized from an externally provided properties instance.
2019-05-17 08:15:54.120 [INFO] [main] [org.quartz.impl.StdSchedulerFactory:1366] Quartz scheduler version: 2.3.1
2019-05-17 08:15:54.120 [INFO] [main] [org.quartz.core.QuartzScheduler:2293] JobFactory set to: org.springframework.scheduling.quartz.SpringBeanJobFactory@1cb3ec38
2019-05-17 08:15:54.174 [INFO] [main] [org.springframework.scheduling.quartz.SchedulerFactoryBean:726] Starting Quartz Scheduler now
2019-05-17 08:15:54.174 [INFO] [main] [org.quartz.core.QuartzScheduler:547] Scheduler quartzScheduler_$_NON_CLUSTERED started.
2019-05-17 08:15:54.174 [DEBUG] [quartzScheduler_QuartzSchedulerThread] [org.quartz.core.QuartzSchedulerThread:291] batch acquisition of 0 triggers
2019-05-17 08:15:54.187 [INFO] [main] [com.jpdacunha.media.batch.organizer.test.service.MediaServiceTest:59] Started MediaServiceTest in 1.262 seconds (JVM running for 2.022)
2019-05-17 08:15:54.363 [DEBUG] [main] [com.jpdacunha.media.batch.organizer.service.impl.MediaServiceImpl:30] Starting classifyByYear ...
2019-05-17 08:15:54.372 [DEBUG] [main] [com.jpdacunha.media.batch.organizer.service.impl.MediaServiceImpl:56] Starting classification for [354PPP.jpg] ...
2019-05-17 08:15:54.373 [DEBUG] [main] [com.jpdacunha.media.batch.organizer.service.impl.MediaServiceImpl:57]   :> DateDescriptor(date=null, timestamp=1450431009000, locale=fr_FR, month=12, year=2015, monthName=décembre)
2019-05-17 08:15:54.373 [DEBUG] [main] [com.jpdacunha.media.batch.organizer.service.impl.MediaServiceImpl:58] Done.
2019-05-17 08:15:54.373 [DEBUG] [main] [com.jpdacunha.media.batch.organizer.service.impl.MediaServiceImpl:56] Starting classification for [Arlette4.jpg] ...
2019-05-17 08:15:54.373 [DEBUG] [main] [com.jpdacunha.media.batch.organizer.service.impl.MediaServiceImpl:57]   :> DateDescriptor(date=null, timestamp=1556637108000, locale=fr_FR, month=4, year=2019, monthName=avril)
2019-05-17 08:15:54.373 [DEBUG] [main] [com.jpdacunha.media.batch.organizer.service.impl.MediaServiceImpl:58] Done.
2019-05-17 08:15:54.374 [DEBUG] [main] [com.jpdacunha.media.batch.organizer.service.impl.MediaServiceImpl:66] End.
2019-05-17 08:15:54.382 [INFO] [Thread-2] [org.quartz.core.QuartzScheduler:585] Scheduler quartzScheduler_$_NON_CLUSTERED paused.
2019-05-17 08:15:54.383 [INFO] [Thread-2] [org.springframework.scheduling.quartz.SchedulerFactoryBean:844] Shutting down Quartz Scheduler
2019-05-17 08:15:54.383 [INFO] [Thread-2] [org.quartz.core.QuartzScheduler:666] Scheduler quartzScheduler_$_NON_CLUSTERED shutting down.
2019-05-17 08:15:54.383 [INFO] [Thread-2] [org.quartz.core.QuartzScheduler:585] Scheduler quartzScheduler_$_NON_CLUSTERED paused.
2019-05-17 08:15:54.384 [DEBUG] [Thread-2] [org.quartz.simpl.SimpleThreadPool:328] Shutting down threadpool...
2019-05-17 08:15:54.384 [DEBUG] [Thread-2] [org.quartz.simpl.SimpleThreadPool:395] Shutdown of threadpool complete.
2019-05-17 08:15:54.384 [INFO] [Thread-2] [org.quartz.core.QuartzScheduler:740] Scheduler quartzScheduler_$_NON_CLUSTERED shutdown complete.
2019-05-17 08:22:04.661 [INFO] [main] [com.jpdacunha.media.batch.organizer.test.service.MediaServiceTest:50] Starting MediaServiceTest on ubuntu with PID 57996 (started by dev in /home/dev/git/spring-media-organizer/spring-media-batch)
2019-05-17 08:22:04.662 [DEBUG] [main] [com.jpdacunha.media.batch.organizer.test.service.MediaServiceTest:53] Running with Spring Boot v2.1.4.RELEASE, Spring v5.1.6.RELEASE
2019-05-17 08:22:04.662 [INFO] [main] [com.jpdacunha.media.batch.organizer.test.service.MediaServiceTest:679] The following profiles are active: test
2019-05-17 08:22:05.398 [INFO] [main] [org.quartz.impl.StdSchedulerFactory:1208] Using default implementation for ThreadExecutor
2019-05-17 08:22:05.413 [INFO] [main] [org.quartz.core.SchedulerSignalerImpl:61] Initialized Scheduler Signaller of type: class org.quartz.core.SchedulerSignalerImpl
2019-05-17 08:22:05.414 [INFO] [main] [org.quartz.core.QuartzScheduler:229] Quartz Scheduler v.2.3.1 created.
2019-05-17 08:22:05.415 [INFO] [main] [org.quartz.simpl.RAMJobStore:155] RAMJobStore initialized.
2019-05-17 08:22:05.418 [INFO] [main] [org.quartz.core.QuartzScheduler:294] Scheduler meta-data: Quartz Scheduler (v2.3.1) 'quartzScheduler' with instanceId 'NON_CLUSTERED'
  Scheduler class: 'org.quartz.core.QuartzScheduler' - running locally.
  NOT STARTED.
  Currently in standby mode.
  Number of jobs executed: 0
  Using thread pool 'org.quartz.simpl.SimpleThreadPool' - with 10 threads.
  Using job-store 'org.quartz.simpl.RAMJobStore' - which does not support persistence. and is not clustered.

2019-05-17 08:22:05.419 [INFO] [main] [org.quartz.impl.StdSchedulerFactory:1362] Quartz scheduler 'quartzScheduler' initialized from an externally provided properties instance.
2019-05-17 08:22:05.419 [INFO] [main] [org.quartz.impl.StdSchedulerFactory:1366] Quartz scheduler version: 2.3.1
2019-05-17 08:22:05.419 [INFO] [main] [org.quartz.core.QuartzScheduler:2293] JobFactory set to: org.springframework.scheduling.quartz.SpringBeanJobFactory@1cb3ec38
2019-05-17 08:22:05.523 [INFO] [main] [org.springframework.scheduling.quartz.SchedulerFactoryBean:726] Starting Quartz Scheduler now
2019-05-17 08:22:05.527 [INFO] [main] [org.quartz.core.QuartzScheduler:547] Scheduler quartzScheduler_$_NON_CLUSTERED started.
2019-05-17 08:22:05.527 [DEBUG] [quartzScheduler_QuartzSchedulerThread] [org.quartz.core.QuartzSchedulerThread:291] batch acquisition of 0 triggers
2019-05-17 08:22:05.552 [INFO] [main] [com.jpdacunha.media.batch.organizer.test.service.MediaServiceTest:59] Started MediaServiceTest in 1.327 seconds (JVM running for 2.065)
2019-05-17 08:22:05.741 [DEBUG] [main] [com.jpdacunha.media.batch.organizer.service.impl.MediaServiceImpl:31] Starting classifyByYear ...
2019-05-17 08:22:05.759 [DEBUG] [main] [com.jpdacunha.media.batch.organizer.service.impl.MediaServiceImpl:57] Starting classification for [354PPP.jpg] ...
2019-05-17 08:22:05.760 [DEBUG] [main] [com.jpdacunha.media.batch.organizer.service.impl.MediaServiceImpl:58]   :> MediaDescriptor(file=src/test/resources/spring-media-batch/classifyByYearNominal1/source/354PPP.jpg, name=354PPP.jpg, originalPath=/home/dev/git/spring-media-organizer/spring-media-batch/src/test/resources/spring-media-batch/classifyByYearNominal1/source/354PPP.jpg, yearMonthDirName=null, dateDescriptor=DateDescriptor(date=Fri Dec 18 01:30:09 PST 2015, timestamp=1450431009000, locale=fr_FR, month=12, year=2015, monthName=décembre))
2019-05-17 08:22:05.761 [DEBUG] [main] [com.jpdacunha.media.batch.organizer.service.impl.MediaServiceImpl:59] Done.
2019-05-17 08:22:05.762 [DEBUG] [main] [com.jpdacunha.media.batch.organizer.service.impl.MediaServiceImpl:57] Starting classification for [Arlette4.jpg] ...
2019-05-17 08:22:05.763 [DEBUG] [main] [com.jpdacunha.media.batch.organizer.service.impl.MediaServiceImpl:58]   :> MediaDescriptor(file=src/test/resources/spring-media-batch/classifyByYearNominal1/source/Arlette4.jpg, name=Arlette4.jpg, originalPath=/home/dev/git/spring-media-organizer/spring-media-batch/src/test/resources/spring-media-batch/classifyByYearNominal1/source/Arlette4.jpg, yearMonthDirName=null, dateDescriptor=DateDescriptor(date=Tue Apr 30 08:11:48 PDT 2019, timestamp=1556637108000, locale=fr_FR, month=4, year=2019, monthName=avril))
2019-05-17 08:22:05.763 [DEBUG] [main] [com.jpdacunha.media.batch.organizer.service.impl.MediaServiceImpl:59] Done.
2019-05-17 08:22:05.765 [DEBUG] [main] [com.jpdacunha.media.batch.organizer.service.impl.MediaServiceImpl:67] End.
2019-05-17 08:22:05.785 [INFO] [Thread-3] [org.quartz.core.QuartzScheduler:585] Scheduler quartzScheduler_$_NON_CLUSTERED paused.
2019-05-17 08:22:05.786 [INFO] [Thread-3] [org.springframework.scheduling.quartz.SchedulerFactoryBean:844] Shutting down Quartz Scheduler
2019-05-17 08:22:05.786 [INFO] [Thread-3] [org.quartz.core.QuartzScheduler:666] Scheduler quartzScheduler_$_NON_CLUSTERED shutting down.
2019-05-17 08:22:05.786 [INFO] [Thread-3] [org.quartz.core.QuartzScheduler:585] Scheduler quartzScheduler_$_NON_CLUSTERED paused.
2019-05-17 08:22:05.792 [DEBUG] [Thread-3] [org.quartz.simpl.SimpleThreadPool:328] Shutting down threadpool...
2019-05-17 08:22:05.792 [DEBUG] [Thread-3] [org.quartz.simpl.SimpleThreadPool:395] Shutdown of threadpool complete.
2019-05-17 08:22:05.792 [INFO] [Thread-3] [org.quartz.core.QuartzScheduler:740] Scheduler quartzScheduler_$_NON_CLUSTERED shutdown complete.
2019-05-17 08:24:56.548 [INFO] [main] [com.jpdacunha.media.batch.organizer.test.service.MediaServiceTest:50] Starting MediaServiceTest on ubuntu with PID 58227 (started by dev in /home/dev/git/spring-media-organizer/spring-media-batch)
2019-05-17 08:24:56.549 [DEBUG] [main] [com.jpdacunha.media.batch.organizer.test.service.MediaServiceTest:53] Running with Spring Boot v2.1.4.RELEASE, Spring v5.1.6.RELEASE
2019-05-17 08:24:56.550 [INFO] [main] [com.jpdacunha.media.batch.organizer.test.service.MediaServiceTest:679] The following profiles are active: test
2019-05-17 08:24:57.180 [INFO] [main] [org.quartz.impl.StdSchedulerFactory:1208] Using default implementation for ThreadExecutor
2019-05-17 08:24:57.192 [INFO] [main] [org.quartz.core.SchedulerSignalerImpl:61] Initialized Scheduler Signaller of type: class org.quartz.core.SchedulerSignalerImpl
2019-05-17 08:24:57.193 [INFO] [main] [org.quartz.core.QuartzScheduler:229] Quartz Scheduler v.2.3.1 created.
2019-05-17 08:24:57.194 [INFO] [main] [org.quartz.simpl.RAMJobStore:155] RAMJobStore initialized.
2019-05-17 08:24:57.194 [INFO] [main] [org.quartz.core.QuartzScheduler:294] Scheduler meta-data: Quartz Scheduler (v2.3.1) 'quartzScheduler' with instanceId 'NON_CLUSTERED'
  Scheduler class: 'org.quartz.core.QuartzScheduler' - running locally.
  NOT STARTED.
  Currently in standby mode.
  Number of jobs executed: 0
  Using thread pool 'org.quartz.simpl.SimpleThreadPool' - with 10 threads.
  Using job-store 'org.quartz.simpl.RAMJobStore' - which does not support persistence. and is not clustered.

2019-05-17 08:24:57.195 [INFO] [main] [org.quartz.impl.StdSchedulerFactory:1362] Quartz scheduler 'quartzScheduler' initialized from an externally provided properties instance.
2019-05-17 08:24:57.195 [INFO] [main] [org.quartz.impl.StdSchedulerFactory:1366] Quartz scheduler version: 2.3.1
2019-05-17 08:24:57.195 [INFO] [main] [org.quartz.core.QuartzScheduler:2293] JobFactory set to: org.springframework.scheduling.quartz.SpringBeanJobFactory@64bc21ac
2019-05-17 08:24:57.250 [INFO] [main] [org.springframework.scheduling.quartz.SchedulerFactoryBean:726] Starting Quartz Scheduler now
2019-05-17 08:24:57.251 [DEBUG] [quartzScheduler_QuartzSchedulerThread] [org.quartz.core.QuartzSchedulerThread:291] batch acquisition of 0 triggers
2019-05-17 08:24:57.251 [INFO] [main] [org.quartz.core.QuartzScheduler:547] Scheduler quartzScheduler_$_NON_CLUSTERED started.
2019-05-17 08:24:57.258 [INFO] [main] [com.jpdacunha.media.batch.organizer.test.service.MediaServiceTest:59] Started MediaServiceTest in 1.106 seconds (JVM running for 2.069)
2019-05-17 08:24:57.459 [DEBUG] [main] [com.jpdacunha.media.batch.organizer.service.impl.MediaServiceImpl:31] Starting classifyByYear ...
2019-05-17 08:24:57.474 [DEBUG] [main] [com.jpdacunha.media.batch.organizer.service.impl.MediaServiceImpl:57] Starting classification for [354PPP.jpg] ...
2019-05-17 08:24:57.474 [DEBUG] [main] [com.jpdacunha.media.batch.organizer.service.impl.MediaServiceImpl:58]   :> MediaDescriptor(file=src/test/resources/spring-media-batch/classifyByYearNominal1/source/354PPP.jpg, name=354PPP.jpg, originalPath=/home/dev/git/spring-media-organizer/spring-media-batch/src/test/resources/spring-media-batch/classifyByYearNominal1/source/354PPP.jpg, yearMonthDirName=2015/décembre, dateDescriptor=DateDescriptor(date=Fri Dec 18 01:30:09 PST 2015, timestamp=1450431009000, locale=fr_FR, month=12, year=2015, monthName=décembre))
2019-05-17 08:24:57.475 [DEBUG] [main] [com.jpdacunha.media.batch.organizer.service.impl.MediaServiceImpl:59] Done.
2019-05-17 08:24:57.475 [DEBUG] [main] [com.jpdacunha.media.batch.organizer.service.impl.MediaServiceImpl:57] Starting classification for [Arlette4.jpg] ...
2019-05-17 08:24:57.475 [DEBUG] [main] [com.jpdacunha.media.batch.organizer.service.impl.MediaServiceImpl:58]   :> MediaDescriptor(file=src/test/resources/spring-media-batch/classifyByYearNominal1/source/Arlette4.jpg, name=Arlette4.jpg, originalPath=/home/dev/git/spring-media-organizer/spring-media-batch/src/test/resources/spring-media-batch/classifyByYearNominal1/source/Arlette4.jpg, yearMonthDirName=2019/avril, dateDescriptor=DateDescriptor(date=Tue Apr 30 08:11:48 PDT 2019, timestamp=1556637108000, locale=fr_FR, month=4, year=2019, monthName=avril))
2019-05-17 08:24:57.475 [DEBUG] [main] [com.jpdacunha.media.batch.organizer.service.impl.MediaServiceImpl:59] Done.
2019-05-17 08:24:57.476 [DEBUG] [main] [com.jpdacunha.media.batch.organizer.service.impl.MediaServiceImpl:67] End.
2019-05-17 08:24:57.498 [INFO] [Thread-3] [org.quartz.core.QuartzScheduler:585] Scheduler quartzScheduler_$_NON_CLUSTERED paused.
2019-05-17 08:24:57.500 [INFO] [Thread-3] [org.springframework.scheduling.quartz.SchedulerFactoryBean:844] Shutting down Quartz Scheduler
2019-05-17 08:24:57.500 [INFO] [Thread-3] [org.quartz.core.QuartzScheduler:666] Scheduler quartzScheduler_$_NON_CLUSTERED shutting down.
2019-05-17 08:24:57.500 [INFO] [Thread-3] [org.quartz.core.QuartzScheduler:585] Scheduler quartzScheduler_$_NON_CLUSTERED paused.
2019-05-17 08:24:57.500 [DEBUG] [Thread-3] [org.quartz.simpl.SimpleThreadPool:328] Shutting down threadpool...
2019-05-17 08:24:57.500 [DEBUG] [Thread-3] [org.quartz.simpl.SimpleThreadPool:395] Shutdown of threadpool complete.
2019-05-17 08:24:57.501 [INFO] [Thread-3] [org.quartz.core.QuartzScheduler:740] Scheduler quartzScheduler_$_NON_CLUSTERED shutdown complete.
2019-05-17 08:25:36.188 [INFO] [main] [com.jpdacunha.media.batch.organizer.test.service.MediaServiceTest:50] Starting MediaServiceTest on ubuntu with PID 58321 (started by dev in /home/dev/git/spring-media-organizer/spring-media-batch)
2019-05-17 08:25:36.189 [DEBUG] [main] [com.jpdacunha.media.batch.organizer.test.service.MediaServiceTest:53] Running with Spring Boot v2.1.4.RELEASE, Spring v5.1.6.RELEASE
2019-05-17 08:25:36.189 [INFO] [main] [com.jpdacunha.media.batch.organizer.test.service.MediaServiceTest:679] The following profiles are active: test
2019-05-17 08:25:36.998 [INFO] [main] [org.quartz.impl.StdSchedulerFactory:1208] Using default implementation for ThreadExecutor
2019-05-17 08:25:37.012 [INFO] [main] [org.quartz.core.SchedulerSignalerImpl:61] Initialized Scheduler Signaller of type: class org.quartz.core.SchedulerSignalerImpl
2019-05-17 08:25:37.013 [INFO] [main] [org.quartz.core.QuartzScheduler:229] Quartz Scheduler v.2.3.1 created.
2019-05-17 08:25:37.014 [INFO] [main] [org.quartz.simpl.RAMJobStore:155] RAMJobStore initialized.
2019-05-17 08:25:37.015 [INFO] [main] [org.quartz.core.QuartzScheduler:294] Scheduler meta-data: Quartz Scheduler (v2.3.1) 'quartzScheduler' with instanceId 'NON_CLUSTERED'
  Scheduler class: 'org.quartz.core.QuartzScheduler' - running locally.
  NOT STARTED.
  Currently in standby mode.
  Number of jobs executed: 0
  Using thread pool 'org.quartz.simpl.SimpleThreadPool' - with 10 threads.
  Using job-store 'org.quartz.simpl.RAMJobStore' - which does not support persistence. and is not clustered.

2019-05-17 08:25:37.015 [INFO] [main] [org.quartz.impl.StdSchedulerFactory:1362] Quartz scheduler 'quartzScheduler' initialized from an externally provided properties instance.
2019-05-17 08:25:37.015 [INFO] [main] [org.quartz.impl.StdSchedulerFactory:1366] Quartz scheduler version: 2.3.1
2019-05-17 08:25:37.016 [INFO] [main] [org.quartz.core.QuartzScheduler:2293] JobFactory set to: org.springframework.scheduling.quartz.SpringBeanJobFactory@7f69d591
2019-05-17 08:25:37.103 [INFO] [main] [org.springframework.scheduling.quartz.SchedulerFactoryBean:726] Starting Quartz Scheduler now
2019-05-17 08:25:37.112 [DEBUG] [quartzScheduler_QuartzSchedulerThread] [org.quartz.core.QuartzSchedulerThread:291] batch acquisition of 0 triggers
2019-05-17 08:25:37.113 [INFO] [main] [org.quartz.core.QuartzScheduler:547] Scheduler quartzScheduler_$_NON_CLUSTERED started.
2019-05-17 08:25:37.130 [INFO] [main] [com.jpdacunha.media.batch.organizer.test.service.MediaServiceTest:59] Started MediaServiceTest in 1.319 seconds (JVM running for 2.48)
2019-05-17 08:25:37.341 [DEBUG] [main] [com.jpdacunha.media.batch.organizer.service.impl.MediaServiceImpl:31] Starting classifyByYear ...
2019-05-17 08:25:37.356 [DEBUG] [main] [com.jpdacunha.media.batch.organizer.service.impl.MediaServiceImpl:57] Starting classification for [354PPP.jpg] ...
2019-05-17 08:25:37.356 [DEBUG] [main] [com.jpdacunha.media.batch.organizer.service.impl.MediaServiceImpl:58]   :> MediaDescriptor(name=354PPP.jpg, yearMonthDirName=2015/décembre, file=src/test/resources/spring-media-batch/classifyByYearNominal1/source/354PPP.jpg, originalPath=/home/dev/git/spring-media-organizer/spring-media-batch/src/test/resources/spring-media-batch/classifyByYearNominal1/source/354PPP.jpg, dateDescriptor=DateDescriptor(date=Fri Dec 18 01:30:09 PST 2015, timestamp=1450431009000, locale=fr_FR, month=12, year=2015, monthName=décembre))
2019-05-17 08:25:37.356 [DEBUG] [main] [com.jpdacunha.media.batch.organizer.service.impl.MediaServiceImpl:59] Done.
2019-05-17 08:25:37.357 [DEBUG] [main] [com.jpdacunha.media.batch.organizer.service.impl.MediaServiceImpl:57] Starting classification for [Arlette4.jpg] ...
2019-05-17 08:25:37.357 [DEBUG] [main] [com.jpdacunha.media.batch.organizer.service.impl.MediaServiceImpl:58]   :> MediaDescriptor(name=Arlette4.jpg, yearMonthDirName=2019/avril, file=src/test/resources/spring-media-batch/classifyByYearNominal1/source/Arlette4.jpg, originalPath=/home/dev/git/spring-media-organizer/spring-media-batch/src/test/resources/spring-media-batch/classifyByYearNominal1/source/Arlette4.jpg, dateDescriptor=DateDescriptor(date=Tue Apr 30 08:11:48 PDT 2019, timestamp=1556637108000, locale=fr_FR, month=4, year=2019, monthName=avril))
2019-05-17 08:25:37.357 [DEBUG] [main] [com.jpdacunha.media.batch.organizer.service.impl.MediaServiceImpl:59] Done.
2019-05-17 08:25:37.357 [DEBUG] [main] [com.jpdacunha.media.batch.organizer.service.impl.MediaServiceImpl:67] End.
2019-05-17 08:25:37.369 [INFO] [Thread-3] [org.quartz.core.QuartzScheduler:585] Scheduler quartzScheduler_$_NON_CLUSTERED paused.
2019-05-17 08:25:37.370 [INFO] [Thread-3] [org.springframework.scheduling.quartz.SchedulerFactoryBean:844] Shutting down Quartz Scheduler
2019-05-17 08:25:37.370 [INFO] [Thread-3] [org.quartz.core.QuartzScheduler:666] Scheduler quartzScheduler_$_NON_CLUSTERED shutting down.
2019-05-17 08:25:37.370 [INFO] [Thread-3] [org.quartz.core.QuartzScheduler:585] Scheduler quartzScheduler_$_NON_CLUSTERED paused.
2019-05-17 08:25:37.371 [DEBUG] [Thread-3] [org.quartz.simpl.SimpleThreadPool:328] Shutting down threadpool...
2019-05-17 08:25:37.371 [DEBUG] [Thread-3] [org.quartz.simpl.SimpleThreadPool:395] Shutdown of threadpool complete.
2019-05-17 08:25:37.371 [INFO] [Thread-3] [org.quartz.core.QuartzScheduler:740] Scheduler quartzScheduler_$_NON_CLUSTERED shutdown complete.
